<?xml version="1.0" encoding="UTF-8"?>
<robot generator="Robot 5.0.1 (Python 3.11.2 on win32)" generated="20231204 14:38:37.504" rpa="false" schemaversion="3">
<suite id="s1" name="Testes" source="C:\Users\Victor\OneDrive - Todos Empreendimentos\Área de Trabalho\Victor\EngSoftware\testes.robot">
<test id="s1-t1" name="Abrir o Navegador" line="7">
<kw name="Abrir navegador" library="recursos">
<kw name="Open Browser" library="SeleniumLibrary">
<arg>https://master--tiny-mermaid-6f7a1f.netlify.app/login</arg>
<arg>${BROWSER}</arg>
<doc>Opens a new browser instance to the optional ``url``.</doc>
<msg timestamp="20231204 14:38:37.630" level="INFO">Opening browser 'Chrome' to base url 'https://master--tiny-mermaid-6f7a1f.netlify.app/login'.</msg>
<status status="PASS" starttime="20231204 14:38:37.630" endtime="20231204 14:38:41.633"/>
</kw>
<kw name="Maximize Browser Window" library="SeleniumLibrary">
<doc>Maximizes current browser window.</doc>
<status status="PASS" starttime="20231204 14:38:41.634" endtime="20231204 14:38:41.822"/>
</kw>
<status status="PASS" starttime="20231204 14:38:37.630" endtime="20231204 14:38:41.822"/>
</kw>
<doc>Caso de teste 01 - Abrir o navegador</doc>
<status status="PASS" starttime="20231204 14:38:37.630" endtime="20231204 14:38:41.822"/>
</test>
<test id="s1-t2" name="Fazer Login" line="11">
<kw name="Abrir navegador" library="recursos">
<kw name="Open Browser" library="SeleniumLibrary">
<arg>https://master--tiny-mermaid-6f7a1f.netlify.app/login</arg>
<arg>${BROWSER}</arg>
<doc>Opens a new browser instance to the optional ``url``.</doc>
<msg timestamp="20231204 14:38:41.822" level="INFO">Opening browser 'Chrome' to base url 'https://master--tiny-mermaid-6f7a1f.netlify.app/login'.</msg>
<status status="PASS" starttime="20231204 14:38:41.822" endtime="20231204 14:38:45.145"/>
</kw>
<kw name="Maximize Browser Window" library="SeleniumLibrary">
<doc>Maximizes current browser window.</doc>
<status status="PASS" starttime="20231204 14:38:45.145" endtime="20231204 14:38:45.309"/>
</kw>
<status status="PASS" starttime="20231204 14:38:41.822" endtime="20231204 14:38:45.309"/>
</kw>
<kw name="Fazer Login" library="recursos">
<kw name="Input Text" library="SeleniumLibrary">
<arg>//input[@name="username"]</arg>
<arg>exalumno@ufba.br</arg>
<doc>Types the given ``text`` into the text field identified by ``locator``.</doc>
<msg timestamp="20231204 14:38:45.312" level="INFO">Typing text 'exalumno@ufba.br' into text field '//input[@name="username"]'.</msg>
<status status="PASS" starttime="20231204 14:38:45.311" endtime="20231204 14:38:45.463"/>
</kw>
<kw name="Input Text" library="SeleniumLibrary">
<arg>//input[@name="password"]</arg>
<arg>***</arg>
<doc>Types the given ``text`` into the text field identified by ``locator``.</doc>
<msg timestamp="20231204 14:38:45.464" level="INFO">Typing text '***' into text field '//input[@name="password"]'.</msg>
<status status="PASS" starttime="20231204 14:38:45.464" endtime="20231204 14:38:45.536"/>
</kw>
<kw name="Click Element" library="SeleniumLibrary">
<arg>//button</arg>
<doc>Click the element identified by ``locator``.</doc>
<msg timestamp="20231204 14:38:45.536" level="INFO">Clicking element '//button'.</msg>
<status status="PASS" starttime="20231204 14:38:45.536" endtime="20231204 14:38:45.598"/>
</kw>
<status status="PASS" starttime="20231204 14:38:45.309" endtime="20231204 14:38:45.598"/>
</kw>
<doc>Caso de teste 02 - Fazer login</doc>
<status status="PASS" starttime="20231204 14:38:41.822" endtime="20231204 14:38:45.599"/>
</test>
<test id="s1-t3" name="Navegação no Menu Lateral" line="16">
<kw name="Abrir navegador" library="recursos">
<kw name="Open Browser" library="SeleniumLibrary">
<arg>https://master--tiny-mermaid-6f7a1f.netlify.app/login</arg>
<arg>${BROWSER}</arg>
<doc>Opens a new browser instance to the optional ``url``.</doc>
<msg timestamp="20231204 14:38:45.602" level="INFO">Opening browser 'Chrome' to base url 'https://master--tiny-mermaid-6f7a1f.netlify.app/login'.</msg>
<status status="PASS" starttime="20231204 14:38:45.602" endtime="20231204 14:38:48.938"/>
</kw>
<kw name="Maximize Browser Window" library="SeleniumLibrary">
<doc>Maximizes current browser window.</doc>
<status status="PASS" starttime="20231204 14:38:48.938" endtime="20231204 14:38:49.078"/>
</kw>
<status status="PASS" starttime="20231204 14:38:45.601" endtime="20231204 14:38:49.078"/>
</kw>
<kw name="Navegação entre paginas" library="recursos">
<kw name="Open Browser" library="SeleniumLibrary">
<arg>https://master--tiny-mermaid-6f7a1f.netlify.app/home</arg>
<arg>${BROWSER}</arg>
<doc>Opens a new browser instance to the optional ``url``.</doc>
<msg timestamp="20231204 14:38:49.079" level="INFO">Opening browser 'Chrome' to base url 'https://master--tiny-mermaid-6f7a1f.netlify.app/home'.</msg>
<status status="PASS" starttime="20231204 14:38:49.079" endtime="20231204 14:38:50.964"/>
</kw>
<kw name="Maximize Browser Window" library="SeleniumLibrary">
<doc>Maximizes current browser window.</doc>
<status status="PASS" starttime="20231204 14:38:50.964" endtime="20231204 14:38:51.078"/>
</kw>
<kw name="Click Element" library="SeleniumLibrary">
<arg>//li[@class="profilepage"]</arg>
<doc>Click the element identified by ``locator``.</doc>
<msg timestamp="20231204 14:38:51.078" level="INFO">Clicking element '//li[@class="profilepage"]'.</msg>
<status status="PASS" starttime="20231204 14:38:51.078" endtime="20231204 14:38:51.141"/>
</kw>
<kw name="Click Element" library="SeleniumLibrary">
<arg>//li[@class="inicialpage"]</arg>
<doc>Click the element identified by ``locator``.</doc>
<msg timestamp="20231204 14:38:51.141" level="INFO">Clicking element '//li[@class="inicialpage"]'.</msg>
<status status="PASS" starttime="20231204 14:38:51.141" endtime="20231204 14:38:51.204"/>
</kw>
<kw name="Click Element" library="SeleniumLibrary">
<arg>//li[@class="dashboard"]</arg>
<doc>Click the element identified by ``locator``.</doc>
<msg timestamp="20231204 14:38:51.205" level="INFO">Clicking element '//li[@class="dashboard"]'.</msg>
<status status="PASS" starttime="20231204 14:38:51.205" endtime="20231204 14:38:51.257"/>
</kw>
<kw name="Click Element" library="SeleniumLibrary">
<arg>//li[@class="forum"]</arg>
<doc>Click the element identified by ``locator``.</doc>
<msg timestamp="20231204 14:38:51.258" level="INFO">Clicking element '//li[@class="forum"]'.</msg>
<status status="PASS" starttime="20231204 14:38:51.257" endtime="20231204 14:38:51.297"/>
</kw>
<kw name="Click Element" library="SeleniumLibrary">
<arg>//li[@class="eventos"]</arg>
<doc>Click the element identified by ``locator``.</doc>
<msg timestamp="20231204 14:38:51.297" level="INFO">Clicking element '//li[@class="eventos"]'.</msg>
<status status="PASS" starttime="20231204 14:38:51.297" endtime="20231204 14:38:51.346"/>
</kw>
<kw name="Click Element" library="SeleniumLibrary">
<arg>//li[@class="bug"]</arg>
<doc>Click the element identified by ``locator``.</doc>
<msg timestamp="20231204 14:38:51.347" level="INFO">Clicking element '//li[@class="bug"]'.</msg>
<status status="PASS" starttime="20231204 14:38:51.346" endtime="20231204 14:38:51.386"/>
</kw>
<kw name="Click Element" library="SeleniumLibrary">
<arg>//li[@class="profile"]</arg>
<doc>Click the element identified by ``locator``.</doc>
<msg timestamp="20231204 14:38:51.386" level="INFO">Clicking element '//li[@class="profile"]'.</msg>
<status status="PASS" starttime="20231204 14:38:51.386" endtime="20231204 14:38:51.440"/>
</kw>
<status status="PASS" starttime="20231204 14:38:49.079" endtime="20231204 14:38:51.440"/>
</kw>
<doc>Caso de teste 03 - Navegação em menu lateral</doc>
<status status="PASS" starttime="20231204 14:38:45.600" endtime="20231204 14:38:51.440"/>
</test>
<test id="s1-t4" name="Criar Tópico" line="21">
<kw name="Abrir navegador" library="recursos">
<kw name="Open Browser" library="SeleniumLibrary">
<arg>https://master--tiny-mermaid-6f7a1f.netlify.app/login</arg>
<arg>${BROWSER}</arg>
<doc>Opens a new browser instance to the optional ``url``.</doc>
<msg timestamp="20231204 14:38:51.440" level="INFO">Opening browser 'Chrome' to base url 'https://master--tiny-mermaid-6f7a1f.netlify.app/login'.</msg>
<status status="PASS" starttime="20231204 14:38:51.440" endtime="20231204 14:38:54.881"/>
</kw>
<kw name="Maximize Browser Window" library="SeleniumLibrary">
<doc>Maximizes current browser window.</doc>
<status status="PASS" starttime="20231204 14:38:54.881" endtime="20231204 14:38:55.040"/>
</kw>
<status status="PASS" starttime="20231204 14:38:51.440" endtime="20231204 14:38:55.041"/>
</kw>
<kw name="Criar topico" library="recursos">
<kw name="Open Browser" library="SeleniumLibrary">
<arg>https://master--tiny-mermaid-6f7a1f.netlify.app/forum</arg>
<arg>${BROWSER}</arg>
<doc>Opens a new browser instance to the optional ``url``.</doc>
<msg timestamp="20231204 14:38:55.042" level="INFO">Opening browser 'Chrome' to base url 'https://master--tiny-mermaid-6f7a1f.netlify.app/forum'.</msg>
<status status="PASS" starttime="20231204 14:38:55.042" endtime="20231204 14:38:57.162"/>
</kw>
<kw name="Maximize Browser Window" library="SeleniumLibrary">
<doc>Maximizes current browser window.</doc>
<status status="PASS" starttime="20231204 14:38:57.162" endtime="20231204 14:38:57.281"/>
</kw>
<kw name="Click Element" library="SeleniumLibrary">
<arg>//li[@class="forum"]</arg>
<doc>Click the element identified by ``locator``.</doc>
<msg timestamp="20231204 14:38:57.282" level="INFO">Clicking element '//li[@class="forum"]'.</msg>
<status status="PASS" starttime="20231204 14:38:57.282" endtime="20231204 14:38:57.334"/>
</kw>
<kw name="Click Element" library="SeleniumLibrary">
<arg>//button[@id="btCriarTopico"]</arg>
<doc>Click the element identified by ``locator``.</doc>
<msg timestamp="20231204 14:38:57.334" level="INFO">Clicking element '//button[@id="btCriarTopico"]'.</msg>
<status status="PASS" starttime="20231204 14:38:57.334" endtime="20231204 14:38:57.402"/>
</kw>
<kw name="Input Text" library="SeleniumLibrary">
<arg>//input[@name="nomeTopico"]</arg>
<arg>Novo topico de teste</arg>
<doc>Types the given ``text`` into the text field identified by ``locator``.</doc>
<msg timestamp="20231204 14:38:57.403" level="INFO">Typing text 'Novo topico de teste' into text field '//input[@name="nomeTopico"]'.</msg>
<status status="PASS" starttime="20231204 14:38:57.402" endtime="20231204 14:38:57.570"/>
</kw>
<kw name="Select From List By Value" library="SeleniumLibrary">
<arg>//select[@name="categoriaTopico"]</arg>
<arg>Disciplinas</arg>
<doc>Selects options from selection list ``locator`` by ``values``.</doc>
<msg timestamp="20231204 14:38:57.570" level="INFO">Selecting options from selection list '//select[@name="categoriaTopico"]' by value Disciplinas.</msg>
<status status="PASS" starttime="20231204 14:38:57.570" endtime="20231204 14:38:57.650"/>
</kw>
<kw name="Input Text" library="SeleniumLibrary">
<arg>//textarea[@name="textoTopico"]</arg>
<arg>Obrigado</arg>
<doc>Types the given ``text`` into the text field identified by ``locator``.</doc>
<msg timestamp="20231204 14:38:57.650" level="INFO">Typing text 'Obrigado' into text field '//textarea[@name="textoTopico"]'.</msg>
<status status="PASS" starttime="20231204 14:38:57.650" endtime="20231204 14:38:57.758"/>
</kw>
<kw name="Click Element" library="SeleniumLibrary">
<arg>//button[@class="criar-topico"]</arg>
<doc>Click the element identified by ``locator``.</doc>
<msg timestamp="20231204 14:38:57.758" level="INFO">Clicking element '//button[@class="criar-topico"]'.</msg>
<status status="PASS" starttime="20231204 14:38:57.758" endtime="20231204 14:38:57.816"/>
</kw>
<status status="PASS" starttime="20231204 14:38:55.041" endtime="20231204 14:38:57.816"/>
</kw>
<doc>Caso de teste 04 - Criar tópico</doc>
<status status="PASS" starttime="20231204 14:38:51.440" endtime="20231204 14:38:57.817"/>
</test>
<test id="s1-t5" name="Criar Evento" line="26">
<kw name="Abrir navegador" library="recursos">
<kw name="Open Browser" library="SeleniumLibrary">
<arg>https://master--tiny-mermaid-6f7a1f.netlify.app/login</arg>
<arg>${BROWSER}</arg>
<doc>Opens a new browser instance to the optional ``url``.</doc>
<msg timestamp="20231204 14:38:57.819" level="INFO">Opening browser 'Chrome' to base url 'https://master--tiny-mermaid-6f7a1f.netlify.app/login'.</msg>
<status status="PASS" starttime="20231204 14:38:57.818" endtime="20231204 14:39:03.945"/>
</kw>
<kw name="Maximize Browser Window" library="SeleniumLibrary">
<doc>Maximizes current browser window.</doc>
<status status="PASS" starttime="20231204 14:39:03.946" endtime="20231204 14:39:04.158"/>
</kw>
<status status="PASS" starttime="20231204 14:38:57.818" endtime="20231204 14:39:04.158"/>
</kw>
<kw name="Criar evento" library="recursos">
<kw name="Open Browser" library="SeleniumLibrary">
<arg>https://master--tiny-mermaid-6f7a1f.netlify.app/eventos</arg>
<arg>${BROWSER}</arg>
<doc>Opens a new browser instance to the optional ``url``.</doc>
<msg timestamp="20231204 14:39:04.161" level="INFO">Opening browser 'Chrome' to base url 'https://master--tiny-mermaid-6f7a1f.netlify.app/eventos'.</msg>
<status status="PASS" starttime="20231204 14:39:04.161" endtime="20231204 14:39:06.752"/>
</kw>
<kw name="Maximize Browser Window" library="SeleniumLibrary">
<doc>Maximizes current browser window.</doc>
<status status="PASS" starttime="20231204 14:39:06.752" endtime="20231204 14:39:06.887"/>
</kw>
<kw name="Click Element" library="SeleniumLibrary">
<arg>//li[@class="eventos"]</arg>
<doc>Click the element identified by ``locator``.</doc>
<msg timestamp="20231204 14:39:06.887" level="INFO">Clicking element '//li[@class="eventos"]'.</msg>
<status status="PASS" starttime="20231204 14:39:06.887" endtime="20231204 14:39:06.977"/>
</kw>
<kw name="Input Text" library="SeleniumLibrary">
<arg>//input[@name="nomeEvento"]</arg>
<arg>Encontro ex alumnos</arg>
<doc>Types the given ``text`` into the text field identified by ``locator``.</doc>
<msg timestamp="20231204 14:39:06.977" level="INFO">Typing text 'Encontro ex alumnos' into text field '//input[@name="nomeEvento"]'.</msg>
<status status="PASS" starttime="20231204 14:39:06.977" endtime="20231204 14:39:07.291"/>
</kw>
<kw name="Input Text" library="SeleniumLibrary">
<arg>//input[@name="dataEvento"]</arg>
<arg>0002-05-08</arg>
<doc>Types the given ``text`` into the text field identified by ``locator``.</doc>
<msg timestamp="20231204 14:39:07.292" level="INFO">Typing text '0002-05-08' into text field '//input[@name="dataEvento"]'.</msg>
<status status="PASS" starttime="20231204 14:39:07.291" endtime="20231204 14:39:07.425"/>
</kw>
<kw name="Input Text" library="SeleniumLibrary">
<arg>//input[@name="dataEvento"]</arg>
<arg>0020-05-08</arg>
<doc>Types the given ``text`` into the text field identified by ``locator``.</doc>
<msg timestamp="20231204 14:39:07.426" level="INFO">Typing text '0020-05-08' into text field '//input[@name="dataEvento"]'.</msg>
<status status="PASS" starttime="20231204 14:39:07.425" endtime="20231204 14:39:07.538"/>
</kw>
<kw name="Input Text" library="SeleniumLibrary">
<arg>//input[@name="dataEvento"]</arg>
<arg>0202-05-08</arg>
<doc>Types the given ``text`` into the text field identified by ``locator``.</doc>
<msg timestamp="20231204 14:39:07.538" level="INFO">Typing text '0202-05-08' into text field '//input[@name="dataEvento"]'.</msg>
<status status="PASS" starttime="20231204 14:39:07.538" endtime="20231204 14:39:07.644"/>
</kw>
<kw name="Input Text" library="SeleniumLibrary">
<arg>//input[@name="dataEvento"]</arg>
<arg>2023-05-08</arg>
<doc>Types the given ``text`` into the text field identified by ``locator``.</doc>
<msg timestamp="20231204 14:39:07.644" level="INFO">Typing text '2023-05-08' into text field '//input[@name="dataEvento"]'.</msg>
<status status="PASS" starttime="20231204 14:39:07.644" endtime="20231204 14:39:07.742"/>
</kw>
<kw name="Click Element" library="SeleniumLibrary">
<arg>//input[@name="horaEvento"]</arg>
<doc>Click the element identified by ``locator``.</doc>
<msg timestamp="20231204 14:39:07.742" level="INFO">Clicking element '//input[@name="horaEvento"]'.</msg>
<status status="PASS" starttime="20231204 14:39:07.742" endtime="20231204 14:39:07.816"/>
</kw>
<kw name="Input Text" library="SeleniumLibrary">
<arg>//input[@name="localEvento"]</arg>
<arg>Ufba ondina</arg>
<doc>Types the given ``text`` into the text field identified by ``locator``.</doc>
<msg timestamp="20231204 14:39:07.816" level="INFO">Typing text 'Ufba ondina' into text field '//input[@name="localEvento"]'.</msg>
<status status="PASS" starttime="20231204 14:39:07.816" endtime="20231204 14:39:08.003"/>
</kw>
<kw name="Input Text" library="SeleniumLibrary">
<arg>//textarea[@name="descricaoEvento"]</arg>
<arg>Palestra e festa</arg>
<doc>Types the given ``text`` into the text field identified by ``locator``.</doc>
<msg timestamp="20231204 14:39:08.003" level="INFO">Typing text 'Palestra e festa' into text field '//textarea[@name="descricaoEvento"]'.</msg>
<status status="PASS" starttime="20231204 14:39:08.003" endtime="20231204 14:39:08.200"/>
</kw>
<status status="PASS" starttime="20231204 14:39:04.158" endtime="20231204 14:39:08.200"/>
</kw>
<doc>Caso de teste 05 - Criar evento</doc>
<status status="PASS" starttime="20231204 14:38:57.817" endtime="20231204 14:39:08.202"/>
</test>
<test id="s1-t6" name="Reportar Bug" line="31">
<kw name="Abrir navegador" library="recursos">
<kw name="Open Browser" library="SeleniumLibrary">
<arg>https://master--tiny-mermaid-6f7a1f.netlify.app/login</arg>
<arg>${BROWSER}</arg>
<doc>Opens a new browser instance to the optional ``url``.</doc>
<msg timestamp="20231204 14:39:08.202" level="INFO">Opening browser 'Chrome' to base url 'https://master--tiny-mermaid-6f7a1f.netlify.app/login'.</msg>
<status status="PASS" starttime="20231204 14:39:08.202" endtime="20231204 14:39:15.207"/>
</kw>
<kw name="Maximize Browser Window" library="SeleniumLibrary">
<doc>Maximizes current browser window.</doc>
<status status="PASS" starttime="20231204 14:39:15.207" endtime="20231204 14:39:15.405"/>
</kw>
<status status="PASS" starttime="20231204 14:39:08.202" endtime="20231204 14:39:15.405"/>
</kw>
<kw name="Reportar bug" library="recursos">
<kw name="Open Browser" library="SeleniumLibrary">
<arg>https://master--tiny-mermaid-6f7a1f.netlify.app/reportar</arg>
<arg>${BROWSER}</arg>
<doc>Opens a new browser instance to the optional ``url``.</doc>
<msg timestamp="20231204 14:39:15.405" level="INFO">Opening browser 'Chrome' to base url 'https://master--tiny-mermaid-6f7a1f.netlify.app/reportar'.</msg>
<status status="PASS" starttime="20231204 14:39:15.405" endtime="20231204 14:39:21.327"/>
</kw>
<kw name="Maximize Browser Window" library="SeleniumLibrary">
<doc>Maximizes current browser window.</doc>
<status status="PASS" starttime="20231204 14:39:21.327" endtime="20231204 14:39:21.447"/>
</kw>
<kw name="Click Element" library="SeleniumLibrary">
<arg>//li[@class="bug"]</arg>
<doc>Click the element identified by ``locator``.</doc>
<msg timestamp="20231204 14:39:21.448" level="INFO">Clicking element '//li[@class="bug"]'.</msg>
<status status="PASS" starttime="20231204 14:39:21.447" endtime="20231204 14:39:21.510"/>
</kw>
<kw name="Input Text" library="SeleniumLibrary">
<arg>//textarea</arg>
<arg>Botão de b</arg>
<doc>Types the given ``text`` into the text field identified by ``locator``.</doc>
<msg timestamp="20231204 14:39:21.510" level="INFO">Typing text 'Botão de b' into text field '//textarea'.</msg>
<status status="PASS" starttime="20231204 14:39:21.510" endtime="20231204 14:39:21.668"/>
</kw>
<kw name="Input Text" library="SeleniumLibrary">
<arg>//textarea</arg>
<arg>Botão de azul</arg>
<doc>Types the given ``text`` into the text field identified by ``locator``.</doc>
<msg timestamp="20231204 14:39:21.668" level="INFO">Typing text 'Botão de azul' into text field '//textarea'.</msg>
<status status="PASS" starttime="20231204 14:39:21.668" endtime="20231204 14:39:21.818"/>
</kw>
<kw name="Input Text" library="SeleniumLibrary">
<arg>xpath=(//textarea)[2]</arg>
<arg>Tela de bug</arg>
<doc>Types the given ``text`` into the text field identified by ``locator``.</doc>
<msg timestamp="20231204 14:39:21.818" level="INFO">Typing text 'Tela de bug' into text field 'xpath=(//textarea)[2]'.</msg>
<status status="PASS" starttime="20231204 14:39:21.818" endtime="20231204 14:39:21.960"/>
</kw>
<kw name="Select From List By Value" library="SeleniumLibrary">
<arg>//select</arg>
<arg>UI</arg>
<doc>Selects options from selection list ``locator`` by ``values``.</doc>
<msg timestamp="20231204 14:39:21.960" level="INFO">Selecting options from selection list '//select' by value UI.</msg>
<status status="PASS" starttime="20231204 14:39:21.960" endtime="20231204 14:39:22.058"/>
</kw>
<kw name="Select From List By Value" library="SeleniumLibrary">
<arg>xpath=(//select)[2]</arg>
<arg>Média</arg>
<doc>Selects options from selection list ``locator`` by ``values``.</doc>
<msg timestamp="20231204 14:39:22.058" level="INFO">Selecting options from selection list 'xpath=(//select)[2]' by value Média.</msg>
<status status="PASS" starttime="20231204 14:39:22.058" endtime="20231204 14:39:22.149"/>
</kw>
<kw name="Click Element" library="SeleniumLibrary">
<arg>//button[@class="btn"]</arg>
<doc>Click the element identified by ``locator``.</doc>
<msg timestamp="20231204 14:39:22.149" level="INFO">Clicking element '//button[@class="btn"]'.</msg>
<status status="PASS" starttime="20231204 14:39:22.149" endtime="20231204 14:39:22.213"/>
</kw>
<status status="PASS" starttime="20231204 14:39:15.405" endtime="20231204 14:39:22.213"/>
</kw>
<doc>Caso de teste 06 - Reportar bug</doc>
<status status="PASS" starttime="20231204 14:39:08.202" endtime="20231204 14:39:22.213"/>
</test>
<test id="s1-t7" name="Cadastro" line="36">
<kw name="Abrir navegador" library="recursos">
<kw name="Open Browser" library="SeleniumLibrary">
<arg>https://master--tiny-mermaid-6f7a1f.netlify.app/login</arg>
<arg>${BROWSER}</arg>
<doc>Opens a new browser instance to the optional ``url``.</doc>
<msg timestamp="20231204 14:39:22.213" level="INFO">Opening browser 'Chrome' to base url 'https://master--tiny-mermaid-6f7a1f.netlify.app/login'.</msg>
<status status="PASS" starttime="20231204 14:39:22.213" endtime="20231204 14:39:29.449"/>
</kw>
<kw name="Maximize Browser Window" library="SeleniumLibrary">
<doc>Maximizes current browser window.</doc>
<status status="PASS" starttime="20231204 14:39:29.449" endtime="20231204 14:39:29.623"/>
</kw>
<status status="PASS" starttime="20231204 14:39:22.213" endtime="20231204 14:39:29.623"/>
</kw>
<kw name="Cadastro" library="recursos">
<kw name="Open Browser" library="SeleniumLibrary">
<arg>https://master--tiny-mermaid-6f7a1f.netlify.app/</arg>
<arg>${BROWSER}</arg>
<doc>Opens a new browser instance to the optional ``url``.</doc>
<msg timestamp="20231204 14:39:29.623" level="INFO">Opening browser 'Chrome' to base url 'https://master--tiny-mermaid-6f7a1f.netlify.app/'.</msg>
<status status="PASS" starttime="20231204 14:39:29.623" endtime="20231204 14:39:33.330"/>
</kw>
<kw name="Maximize Browser Window" library="SeleniumLibrary">
<doc>Maximizes current browser window.</doc>
<status status="PASS" starttime="20231204 14:39:33.330" endtime="20231204 14:39:33.518"/>
</kw>
<kw name="Click Link" library="SeleniumLibrary">
<arg>//a[@href="/cadastro"]</arg>
<doc>Clicks a link identified by ``locator``.</doc>
<msg timestamp="20231204 14:39:33.518" level="INFO">Clicking link '//a[@href="/cadastro"]'.</msg>
<status status="PASS" starttime="20231204 14:39:33.518" endtime="20231204 14:39:33.823"/>
</kw>
<kw name="Input Text" library="SeleniumLibrary">
<arg>//input[@name="nome"]</arg>
<arg>Exlumno</arg>
<doc>Types the given ``text`` into the text field identified by ``locator``.</doc>
<msg timestamp="20231204 14:39:33.824" level="INFO">Typing text 'Exlumno' into text field '//input[@name="nome"]'.</msg>
<status status="PASS" starttime="20231204 14:39:33.823" endtime="20231204 14:39:33.992"/>
</kw>
<kw name="Input Text" library="SeleniumLibrary">
<arg>//input[@name="sobrenome"]</arg>
<arg>ufbaa</arg>
<doc>Types the given ``text`` into the text field identified by ``locator``.</doc>
<msg timestamp="20231204 14:39:33.994" level="INFO">Typing text 'ufbaa' into text field '//input[@name="sobrenome"]'.</msg>
<status status="PASS" starttime="20231204 14:39:33.992" endtime="20231204 14:39:34.162"/>
</kw>
<kw name="Input Text" library="SeleniumLibrary">
<arg>//input[@name="cpf"]</arg>
<arg>00000000000</arg>
<doc>Types the given ``text`` into the text field identified by ``locator``.</doc>
<msg timestamp="20231204 14:39:34.162" level="INFO">Typing text '00000000000' into text field '//input[@name="cpf"]'.</msg>
<status status="PASS" starttime="20231204 14:39:34.162" endtime="20231204 14:39:34.333"/>
</kw>
<kw name="Select From List By Value" library="SeleniumLibrary">
<arg>//select[@name="curso"]</arg>
<arg>curso2</arg>
<doc>Selects options from selection list ``locator`` by ``values``.</doc>
<msg timestamp="20231204 14:39:34.333" level="INFO">Selecting options from selection list '//select[@name="curso"]' by value curso2.</msg>
<status status="PASS" starttime="20231204 14:39:34.333" endtime="20231204 14:39:34.427"/>
</kw>
<kw name="Input Text" library="SeleniumLibrary">
<arg>//input[@name="email"]</arg>
<arg>exlumno@ufba.br</arg>
<doc>Types the given ``text`` into the text field identified by ``locator``.</doc>
<msg timestamp="20231204 14:39:34.428" level="INFO">Typing text 'exlumno@ufba.br' into text field '//input[@name="email"]'.</msg>
<status status="PASS" starttime="20231204 14:39:34.428" endtime="20231204 14:39:34.576"/>
</kw>
<kw name="Input Text" library="SeleniumLibrary">
<arg>//input[@name="senha"]</arg>
<arg>***</arg>
<doc>Types the given ``text`` into the text field identified by ``locator``.</doc>
<msg timestamp="20231204 14:39:34.576" level="INFO">Typing text '***' into text field '//input[@name="senha"]'.</msg>
<status status="PASS" starttime="20231204 14:39:34.576" endtime="20231204 14:39:34.693"/>
</kw>
<kw name="Input Text" library="SeleniumLibrary">
<arg>//input[@name="confirmaSenha"]</arg>
<arg>***</arg>
<doc>Types the given ``text`` into the text field identified by ``locator``.</doc>
<msg timestamp="20231204 14:39:34.694" level="INFO">Typing text '***' into text field '//input[@name="confirmaSenha"]'.</msg>
<status status="PASS" starttime="20231204 14:39:34.694" endtime="20231204 14:39:34.803"/>
</kw>
<kw name="Click Element" library="SeleniumLibrary">
<arg>//button[@id="Cadastrar"]</arg>
<doc>Click the element identified by ``locator``.</doc>
<msg timestamp="20231204 14:39:34.803" level="INFO">Clicking element '//button[@id="Cadastrar"]'.</msg>
<status status="PASS" starttime="20231204 14:39:34.803" endtime="20231204 14:39:34.877"/>
</kw>
<kw name="Click Element" library="SeleniumLibrary">
<arg>//button</arg>
<doc>Click the element identified by ``locator``.</doc>
<msg timestamp="20231204 14:39:34.877" level="INFO">Clicking element '//button'.</msg>
<status status="PASS" starttime="20231204 14:39:34.877" endtime="20231204 14:39:34.933"/>
</kw>
<status status="PASS" starttime="20231204 14:39:29.623" endtime="20231204 14:39:34.933"/>
</kw>
<doc>Caso de teste 07 - Cadastro</doc>
<status status="PASS" starttime="20231204 14:39:22.213" endtime="20231204 14:39:34.933"/>
</test>
<test id="s1-t8" name="Recuperar Senha" line="41">
<kw name="Abrir navegador" library="recursos">
<kw name="Open Browser" library="SeleniumLibrary">
<arg>https://master--tiny-mermaid-6f7a1f.netlify.app/login</arg>
<arg>${BROWSER}</arg>
<doc>Opens a new browser instance to the optional ``url``.</doc>
<msg timestamp="20231204 14:39:34.933" level="INFO">Opening browser 'Chrome' to base url 'https://master--tiny-mermaid-6f7a1f.netlify.app/login'.</msg>
<status status="PASS" starttime="20231204 14:39:34.933" endtime="20231204 14:39:39.587"/>
</kw>
<kw name="Maximize Browser Window" library="SeleniumLibrary">
<doc>Maximizes current browser window.</doc>
<status status="PASS" starttime="20231204 14:39:39.587" endtime="20231204 14:39:39.757"/>
</kw>
<status status="PASS" starttime="20231204 14:39:34.933" endtime="20231204 14:39:39.757"/>
</kw>
<kw name="Recuperar senha" library="recursos">
<kw name="Open Browser" library="SeleniumLibrary">
<arg>https://master--tiny-mermaid-6f7a1f.netlify.app/login</arg>
<arg>${BROWSER}</arg>
<doc>Opens a new browser instance to the optional ``url``.</doc>
<msg timestamp="20231204 14:39:39.759" level="INFO">Opening browser 'Chrome' to base url 'https://master--tiny-mermaid-6f7a1f.netlify.app/login'.</msg>
<status status="PASS" starttime="20231204 14:39:39.759" endtime="20231204 14:39:43.698"/>
</kw>
<kw name="Maximize Browser Window" library="SeleniumLibrary">
<doc>Maximizes current browser window.</doc>
<status status="PASS" starttime="20231204 14:39:43.699" endtime="20231204 14:39:43.930"/>
</kw>
<kw name="Click Link" library="SeleniumLibrary">
<arg>//a[@href="/redefinirsenhaemail"]</arg>
<doc>Clicks a link identified by ``locator``.</doc>
<msg timestamp="20231204 14:39:43.932" level="INFO">Clicking link '//a[@href="/redefinirsenhaemail"]'.</msg>
<status status="PASS" starttime="20231204 14:39:43.930" endtime="20231204 14:39:44.346"/>
</kw>
<kw name="Input Text" library="SeleniumLibrary">
<arg>//input</arg>
<arg>exalumno@ufba.br</arg>
<doc>Types the given ``text`` into the text field identified by ``locator``.</doc>
<msg timestamp="20231204 14:39:44.347" level="INFO">Typing text 'exalumno@ufba.br' into text field '//input'.</msg>
<status status="PASS" starttime="20231204 14:39:44.347" endtime="20231204 14:39:44.744"/>
</kw>
<kw name="Click Element" library="SeleniumLibrary">
<arg>//button</arg>
<doc>Click the element identified by ``locator``.</doc>
<msg timestamp="20231204 14:39:44.745" level="INFO">Clicking element '//button'.</msg>
<status status="PASS" starttime="20231204 14:39:44.745" endtime="20231204 14:39:44.876"/>
</kw>
<kw name="Click Element" library="SeleniumLibrary">
<arg>//button</arg>
<doc>Click the element identified by ``locator``.</doc>
<msg timestamp="20231204 14:39:44.876" level="INFO">Clicking element '//button'.</msg>
<status status="PASS" starttime="20231204 14:39:44.876" endtime="20231204 14:39:44.938"/>
</kw>
<kw name="Input Text" library="SeleniumLibrary">
<arg>//input</arg>
<arg>***</arg>
<doc>Types the given ``text`` into the text field identified by ``locator``.</doc>
<msg timestamp="20231204 14:39:44.939" level="INFO">Typing text '***' into text field '//input'.</msg>
<status status="PASS" starttime="20231204 14:39:44.938" endtime="20231204 14:39:45.044"/>
</kw>
<kw name="Input Text" library="SeleniumLibrary">
<arg>xpath=(//input)[2]</arg>
<arg>***</arg>
<doc>Types the given ``text`` into the text field identified by ``locator``.</doc>
<msg timestamp="20231204 14:39:45.044" level="INFO">Typing text '***' into text field 'xpath=(//input)[2]'.</msg>
<status status="PASS" starttime="20231204 14:39:45.044" endtime="20231204 14:39:45.152"/>
</kw>
<kw name="Click Element" library="SeleniumLibrary">
<arg>//button</arg>
<doc>Click the element identified by ``locator``.</doc>
<msg timestamp="20231204 14:39:45.152" level="INFO">Clicking element '//button'.</msg>
<status status="PASS" starttime="20231204 14:39:45.152" endtime="20231204 14:39:45.208"/>
</kw>
<status status="PASS" starttime="20231204 14:39:39.758" endtime="20231204 14:39:45.208"/>
</kw>
<doc>Caso de teste 08 - Recuperar senha</doc>
<status status="PASS" starttime="20231204 14:39:34.933" endtime="20231204 14:39:45.208"/>
</test>
<doc>Esta suite testa o site "Ex-Alunos Já Formei".</doc>
<status status="PASS" starttime="20231204 14:38:37.504" endtime="20231204 14:39:45.212"/>
</suite>
<statistics>
<total>
<stat pass="8" fail="0" skip="0">All Tests</stat>
</total>
<tag>
</tag>
<suite>
<stat pass="8" fail="0" skip="0" id="s1" name="Testes">Testes</stat>
</suite>
</statistics>
<errors>
</errors>
</robot>
